<?xml version="1.0" encoding="UTF-8"?>
<!-- Generated by org.testng.reporters.JUnitReportReporter -->
<testsuite skipped="0" hostname="Shiva" name="RestAssured_April10.RestAssured_April10.RestClass" tests="3" failures="0" timestamp="2022-04-10T21:02:52 IST" time="4.983" errors="0">
  <testcase name="APITest" time="0.413" classname="RestAssured_April10.RestAssured_April10.RestClass"/>
  <testcase name="APITest" time="4.115" classname="RestAssured_April10.RestAssured_April10.RestClass"/>
  <testcase name="APITest" time="0.455" classname="RestAssured_April10.RestAssured_April10.RestClass"/>
</testsuite> <!-- RestAssured_April10.RestAssured_April10.RestClass -->
