<?xml version="1.0" encoding="UTF-8"?>
<!-- Generated by org.testng.reporters.JUnitReportReporter -->
<testsuite skipped="0" hostname="Shiva" name="RestAssured_April10.RestAssured_April10.ReadExcel" tests="1" failures="0" timestamp="2022-04-10T20:34:24 IST" time="0.755" errors="0">
  <testcase name="callexcel" time="0.755" classname="RestAssured_April10.RestAssured_April10.ReadExcel"/>
</testsuite> <!-- RestAssured_April10.RestAssured_April10.ReadExcel -->
